La génération a démarré 27/10/2015 13:19:46.
     1>Projet "G:\ppp\spider\spider\spider.vcxproj" sur le nœud 2 (Build cible(s)).
     1>ClCompile:
         G:\Visual Studio\VC\bin\CL.exe /c /ZI /nologo /W3 /WX- /sdl /Od /Oy- /D _MBCS /D _MBCS /Gm /EHsc /RTC1 /MDd /GS /fp:precise /Zc:wchar_t /Zc:forScope /Zc:inline /Fo"Debug\\" /Fd"Debug\vc140.pdb" /Gd /TP /analyze- /errorReport:prompt Event.cpp Key.cpp KeyboardEvent.cpp main.cpp Modifier.cpp
         Modifier.cpp
         main.cpp
     1>g:\ppp\spider\spider\main.cpp(21): warning C4800: 'int' : valeur forcée à la valeur booléenne 'true' ou 'false' (avertissement sur les performances)
         KeyboardEvent.cpp
         Key.cpp
         Event.cpp
         Génération de code en cours...
       Link:
         G:\Visual Studio\VC\bin\link.exe /ERRORREPORT:PROMPT /OUT:"G:\ppp\spider\Debug\spider.exe" /INCREMENTAL /NOLOGO kernel32.lib user32.lib gdi32.lib winspool.lib comdlg32.lib advapi32.lib shell32.lib ole32.lib oleaut32.lib uuid.lib odbc32.lib odbccp32.lib /MANIFEST /MANIFESTUAC:"level='asInvoker' uiAccess='false'" /manifest:embed /Debug /PDB:"G:\ppp\spider\Debug\spider.pdb" /TLBID:1 /DYNAMICBASE /NXCOMPAT /IMPLIB:"G:\ppp\spider\Debug\spider.lib" /MACHINE:X86 Debug\Event.obj
         Debug\Key.obj
         Debug\KeyboardEvent.obj
         Debug\main.obj
         Debug\Modifier.obj
         spider.vcxproj -> G:\ppp\spider\Debug\spider.exe
     1>Génération du projet "G:\ppp\spider\spider\spider.vcxproj" terminée (Build cible(s)).

La génération a réussi.

Temps écoulé 00:00:02.64
