c:\users\boisso_c\documents\a\cpp_spider\spider\spider\debug\vc140.pdb
c:\users\boisso_c\documents\a\cpp_spider\spider\spider\debug\vc140.idb
c:\users\boisso_c\documents\a\cpp_spider\spider\spider\debug\event.obj
c:\users\boisso_c\documents\a\cpp_spider\spider\spider\debug\key.obj
c:\users\boisso_c\documents\a\cpp_spider\spider\spider\debug\keyboardevent.obj
c:\users\boisso_c\documents\a\cpp_spider\spider\spider\debug\main.obj
c:\users\boisso_c\documents\a\cpp_spider\spider\spider\debug\modifier.obj
c:\users\boisso_c\documents\a\cpp_spider\spider\spider\debug\button.obj
c:\users\boisso_c\documents\a\cpp_spider\spider\spider\debug\mouseevent.obj
c:\users\boisso_c\documents\a\cpp_spider\spider\spider\debug\position.obj
c:\users\boisso_c\documents\a\cpp_spider\spider\spider\debug\client.obj
c:\users\boisso_c\documents\a\cpp_spider\spider\spider\debug\ilog.obj
c:\users\boisso_c\documents\a\cpp_spider\spider\spider\debug\logfile.obj
c:\users\boisso_c\documents\a\cpp_spider\spider\debug\spider.ilk
c:\users\boisso_c\documents\a\cpp_spider\spider\debug\spider.exe
c:\users\boisso_c\documents\a\cpp_spider\spider\debug\spider.pdb
c:\users\boisso_c\documents\a\cpp_spider\spider\spider\debug\spider.tlog\cl.command.1.tlog
c:\users\boisso_c\documents\a\cpp_spider\spider\spider\debug\spider.tlog\cl.read.1.tlog
c:\users\boisso_c\documents\a\cpp_spider\spider\spider\debug\spider.tlog\cl.write.1.tlog
c:\users\boisso_c\documents\a\cpp_spider\spider\spider\debug\spider.tlog\link.command.1.tlog
c:\users\boisso_c\documents\a\cpp_spider\spider\spider\debug\spider.tlog\link.read.1.tlog
c:\users\boisso_c\documents\a\cpp_spider\spider\spider\debug\spider.tlog\link.write.1.tlog
